<?xml version="1.0" encoding="UTF-8"?>
<!-- Generated by org.testng.reporters.JUnitXMLReporter -->
<testsuite hostname="DESKTOP-0V9GP84" name="Default test" tests="3" failures="0" timestamp="3 Dec 2020 14:55:02 GMT" time="27.039" errors="0">
  <testcase name="validateRecruitmentMenu" time="1.918" classname="com.pageobjectmodule.TestScript.RecruitmentPageTest"/>
  <testcase name="validateJobTitle1" time="0.305" classname="com.pageobjectmodule.TestScript.RecruitmentPageTest"/>
  <testcase name="validateJobVacancy" time="0.22" classname="com.pageobjectmodule.TestScript.RecruitmentPageTest"/>
</testsuite> <!-- Default test -->
