<?xml version="1.0" encoding="UTF-8"?>
<testng-results skipped="0" failed="0" total="3" passed="3">
  <reporter-output>
  </reporter-output>
  <suite name="Default suite" duration-ms="27039" started-at="2020-12-03T14:54:34Z" finished-at="2020-12-03T14:55:01Z">
    <groups>
    </groups>
    <test name="Default test" duration-ms="27039" started-at="2020-12-03T14:54:34Z" finished-at="2020-12-03T14:55:01Z">
      <class name="com.pageobjectmodule.TestScript.RecruitmentPageTest">
        <test-method status="PASS" signature="setUp()[pri:0, instance:com.pageobjectmodule.TestScript.RecruitmentPageTest@4157f54e]" name="setUp" is-config="true" duration-ms="24555" started-at="2020-12-03T20:24:34Z" finished-at="2020-12-03T20:24:59Z">
          <reporter-output>
          </reporter-output>
        </test-method> <!-- setUp -->
        <test-method status="PASS" signature="validateRecruitmentMenu()[pri:1, instance:com.pageobjectmodule.TestScript.RecruitmentPageTest@4157f54e]" name="validateRecruitmentMenu" duration-ms="1918" started-at="2020-12-03T20:24:59Z" finished-at="2020-12-03T20:25:01Z">
          <reporter-output>
          </reporter-output>
        </test-method> <!-- validateRecruitmentMenu -->
        <test-method status="PASS" signature="validateJobTitle1()[pri:3, instance:com.pageobjectmodule.TestScript.RecruitmentPageTest@4157f54e]" name="validateJobTitle1" duration-ms="305" started-at="2020-12-03T20:25:01Z" finished-at="2020-12-03T20:25:01Z">
          <reporter-output>
          </reporter-output>
        </test-method> <!-- validateJobTitle1 -->
        <test-method status="PASS" signature="validateJobVacancy()[pri:4, instance:com.pageobjectmodule.TestScript.RecruitmentPageTest@4157f54e]" name="validateJobVacancy" duration-ms="220" started-at="2020-12-03T20:25:01Z" finished-at="2020-12-03T20:25:01Z">
          <reporter-output>
          </reporter-output>
        </test-method> <!-- validateJobVacancy -->
      </class> <!-- com.pageobjectmodule.TestScript.RecruitmentPageTest -->
    </test> <!-- Default test -->
  </suite> <!-- Default suite -->
</testng-results>
